<?xml version="1.0" encoding="UTF-8"?>
<!-- Generated by org.testng.reporters.JUnitXMLReporter -->
<testsuite ignored="1" hostname="Mohammads-MacBook-Pro.local" failures="0" tests="4" name="Default test" time="28.13" errors="0" timestamp="2024-02-10T15:11:56 EET">
  <testcase classname="myTestCasesExam.Tests" name="SignUpTest" time="9.876"/>
  <testcase classname="myTestCasesExam.Tests" name="logoutProcess" time="1.832"/>
  <testcase classname="myTestCasesExam.Tests" name="LoginProcess" time="6.262"/>
  <testcase classname="myTestCasesExam.Tests" name="Requirment7" time="9.818"/>
  <testcase classname="myTestCasesExam.Tests" name="Draft" time="0.0">
    <ignored/>
  </testcase> <!-- Draft -->
</testsuite> <!-- Default test -->
