<?xml version="1.0" encoding="UTF-8"?>
<testng-results ignored="1" total="5" passed="4" failed="0" skipped="0">
  <reporter-output>
  </reporter-output>
  <suite started-at="2024-02-10T15:11:28 EET" name="Default suite" finished-at="2024-02-10T15:11:56 EET" duration-ms="28130">
    <groups>
    </groups>
    <test started-at="2024-02-10T15:11:28 EET" name="Default test" finished-at="2024-02-10T15:11:56 EET" duration-ms="28130">
      <class name="myTestCasesExam.Tests">
        <test-method is-config="true" signature="Setup()[pri:0, instance:myTestCasesExam.Tests@1698ee84]" started-at="2024-02-10T15:11:28 EET" name="Setup" finished-at="2024-02-10T15:11:28 EET" duration-ms="279" status="PASS">
          <reporter-output>
          </reporter-output>
        </test-method> <!-- Setup -->
        <test-method signature="SignUpTest()[pri:1, instance:myTestCasesExam.Tests@1698ee84]" started-at="2024-02-10T15:11:28 EET" name="SignUpTest" finished-at="2024-02-10T15:11:38 EET" duration-ms="9876" status="PASS">
          <reporter-output>
          </reporter-output>
        </test-method> <!-- SignUpTest -->
        <test-method signature="logoutProcess()[pri:2, instance:myTestCasesExam.Tests@1698ee84]" started-at="2024-02-10T15:11:38 EET" name="logoutProcess" finished-at="2024-02-10T15:11:40 EET" duration-ms="1832" status="PASS">
          <reporter-output>
          </reporter-output>
        </test-method> <!-- logoutProcess -->
        <test-method signature="LoginProcess()[pri:3, instance:myTestCasesExam.Tests@1698ee84]" started-at="2024-02-10T15:11:40 EET" name="LoginProcess" finished-at="2024-02-10T15:11:46 EET" duration-ms="6262" status="PASS">
          <reporter-output>
          </reporter-output>
        </test-method> <!-- LoginProcess -->
        <test-method signature="Requirment7()[pri:4, instance:myTestCasesExam.Tests@1698ee84]" started-at="2024-02-10T15:11:46 EET" name="Requirment7" finished-at="2024-02-10T15:11:56 EET" duration-ms="9818" status="PASS">
          <reporter-output>
          </reporter-output>
        </test-method> <!-- Requirment7 -->
      </class> <!-- myTestCasesExam.Tests -->
    </test> <!-- Default test -->
  </suite> <!-- Default suite -->
</testng-results>
